  [1m[36m (3.4ms)[0m  [1mCREATE TABLE "schema_migrations" ("version" varchar NOT NULL) [0m
  [1m[35m (0.1ms)[0m  select sqlite_version(*)
  [1m[36m (2.9ms)[0m  [1mCREATE UNIQUE INDEX "unique_schema_migrations" ON "schema_migrations" ("version")[0m
  [1m[35mActiveRecord::SchemaMigration Load (0.1ms)[0m  SELECT "schema_migrations".* FROM "schema_migrations"
  [1m[36mActiveRecord::SchemaMigration Load (0.1ms)[0m  [1mSELECT "schema_migrations".* FROM "schema_migrations"[0m
  [1m[36mActiveRecord::SchemaMigration Load (0.1ms)[0m  [1mSELECT "schema_migrations".* FROM "schema_migrations"[0m
  [1m[35mActiveRecord::SchemaMigration Load (0.1ms)[0m  SELECT "schema_migrations".* FROM "schema_migrations"
  [1m[36mActiveRecord::SchemaMigration Load (0.1ms)[0m  [1mSELECT "schema_migrations".* FROM "schema_migrations"[0m
  [1m[35mActiveRecord::SchemaMigration Load (0.1ms)[0m  SELECT "schema_migrations".* FROM "schema_migrations"
  [1m[36m (3.3ms)[0m  [1mCREATE TABLE "schema_migrations" ("version" varchar NOT NULL) [0m
  [1m[35m (0.1ms)[0m  select sqlite_version(*)
  [1m[36m (2.3ms)[0m  [1mCREATE UNIQUE INDEX "unique_schema_migrations" ON "schema_migrations" ("version")[0m
  [1m[35mActiveRecord::SchemaMigration Load (0.1ms)[0m  SELECT "schema_migrations".* FROM "schema_migrations"
Migrating to CreateStudents (1)
  [1m[36m (0.1ms)[0m  [1mbegin transaction[0m
  [1m[35m (0.6ms)[0m  CREATE TABLE "students" ("id" INTEGER PRIMARY KEY AUTOINCREMENT NOT NULL, "first_name" varchar, "last_name" varchar, "created_at" datetime NOT NULL, "updated_at" datetime NOT NULL) 
  [1m[36mSQL (0.1ms)[0m  [1mINSERT INTO "schema_migrations" ("version") VALUES (?)[0m  [["version", "1"]]
  [1m[35m (2.7ms)[0m  commit transaction
  [1m[36mActiveRecord::SchemaMigration Load (0.1ms)[0m  [1mSELECT "schema_migrations".* FROM "schema_migrations"[0m
  [1m[36mActiveRecord::SchemaMigration Load (0.1ms)[0m  [1mSELECT "schema_migrations".* FROM "schema_migrations"[0m
  [1m[35m (0.1ms)[0m  begin transaction
  [1m[36mSQL (0.3ms)[0m  [1mINSERT INTO "students" ("first_name", "last_name", "created_at", "updated_at") VALUES (?, ?, ?, ?)[0m  [["first_name", "Tom"], ["last_name", "Parrot"], ["created_at", "2019-02-25 21:02:32.517180"], ["updated_at", "2019-02-25 21:02:32.517180"]]
  [1m[35m (2.4ms)[0m  commit transaction
  [1m[36m (0.1ms)[0m  [1mbegin transaction[0m
  [1m[35mSQL (0.2ms)[0m  INSERT INTO "students" ("first_name", "last_name", "created_at", "updated_at") VALUES (?, ?, ?, ?)  [["first_name", "Nate"], ["last_name", "Hunter"], ["created_at", "2019-02-25 21:02:32.521509"], ["updated_at", "2019-02-25 21:02:32.521509"]]
  [1m[36m (1.9ms)[0m  [1mcommit transaction[0m
  [1m[35m (0.1ms)[0m  begin transaction
  [1m[36mSQL (0.2ms)[0m  [1mINSERT INTO "students" ("first_name", "last_name", "created_at", "updated_at") VALUES (?, ?, ?, ?)[0m  [["first_name", "Amos"], ["last_name", "Watt"], ["created_at", "2019-02-25 21:02:32.525051"], ["updated_at", "2019-02-25 21:02:32.525051"]]
  [1m[35m (1.6ms)[0m  commit transaction
  [1m[36m (0.1ms)[0m  [1mbegin transaction[0m
  [1m[35mSQL (0.2ms)[0m  INSERT INTO "students" ("first_name", "last_name", "created_at", "updated_at") VALUES (?, ?, ?, ?)  [["first_name", "Walter"], ["last_name", "White"], ["created_at", "2019-02-25 21:02:32.528309"], ["updated_at", "2019-02-25 21:02:32.528309"]]
  [1m[36m (1.5ms)[0m  [1mcommit transaction[0m


Started GET "/" for 104.218.140.34 at 2019-02-25 21:04:35 +0000
  [1m[36mActiveRecord::SchemaMigration Load (0.1ms)[0m  [1mSELECT "schema_migrations".* FROM "schema_migrations"[0m
Processing by Rails::WelcomeController#index as HTML
  Rendered /usr/local/rvm/gems/ruby-2.3.1/gems/railties-4.2.10/lib/rails/templates/rails/welcome/index.html.erb (2.7ms)
Completed 200 OK in 32ms (Views: 20.9ms | ActiveRecord: 0.0ms)


Started GET "/students" for 104.218.140.34 at 2019-02-25 21:04:41 +0000
Processing by StudentsController#index as HTML
  [1m[35mStudent Load (0.2ms)[0m  SELECT "students".* FROM "students"
  Rendered students/index.html.erb within layouts/application (5.2ms)
Completed 200 OK in 401ms (Views: 398.3ms | ActiveRecord: 0.5ms)


Started GET "/assets/application.self-e80e8f2318043e8af94dddc2adad5a4f09739a8ebb323b3ab31cd71d45fd9113.css?body=1" for 104.218.140.34 at 2019-02-25 21:04:41 +0000


Started GET "/assets/jquery.self-bd7ddd393353a8d2480a622e80342adf488fb6006d667e8b42e4c0073393abee.js?body=1" for 104.218.140.34 at 2019-02-25 21:04:41 +0000


Started GET "/assets/jquery_ujs.self-784a997f6726036b1993eb2217c9cb558e1cbb801c6da88105588c56f13b466a.js?body=1" for 104.218.140.34 at 2019-02-25 21:04:41 +0000


Started GET "/assets/turbolinks.self-2db6ec539b9190f75e1d477b305df53d12904d5cafdd47c7ffd91ba25cbec128.js?body=1" for 104.218.140.34 at 2019-02-25 21:04:41 +0000


Started GET "/assets/application.self-3b8dabdc891efe46b9a144b400ad69e37d7e5876bdc39dee783419a69d7ca819.js?body=1" for 104.218.140.34 at 2019-02-25 21:04:41 +0000


Started GET "/students" for 104.218.140.34 at 2019-02-25 21:04:42 +0000
Processing by StudentsController#index as HTML
  [1m[36mStudent Load (0.2ms)[0m  [1mSELECT "students".* FROM "students"[0m
  Rendered students/index.html.erb within layouts/application (1.2ms)
Completed 200 OK in 27ms (Views: 26.3ms | ActiveRecord: 0.2ms)


Started GET "/students/1" for 104.218.140.34 at 2019-02-25 21:04:44 +0000
Processing by StudentsController#show as HTML
  Parameters: {"id"=>"1"}
  [1m[35mStudent Load (0.2ms)[0m  SELECT  "students".* FROM "students" WHERE "students"."id" = ? LIMIT 1  [["id", 1]]
  Rendered students/show.html.erb within layouts/application (0.4ms)
Completed 200 OK in 40ms (Views: 22.8ms | ActiveRecord: 0.2ms)


Started GET "/students/3" for 104.218.140.34 at 2019-02-25 21:04:46 +0000
Processing by StudentsController#show as HTML
  Parameters: {"id"=>"3"}
  [1m[36mStudent Load (0.1ms)[0m  [1mSELECT  "students".* FROM "students" WHERE "students"."id" = ? LIMIT 1[0m  [["id", 3]]
  Rendered students/show.html.erb within layouts/application (0.1ms)
Completed 200 OK in 28ms (Views: 27.1ms | ActiveRecord: 0.1ms)


Started GET "/students/4" for 104.218.140.34 at 2019-02-25 21:04:47 +0000
Processing by StudentsController#show as HTML
  Parameters: {"id"=>"4"}
  [1m[35mStudent Load (0.1ms)[0m  SELECT  "students".* FROM "students" WHERE "students"."id" = ? LIMIT 1  [["id", 4]]
  Rendered students/show.html.erb within layouts/application (0.1ms)
Completed 200 OK in 16ms (Views: 15.5ms | ActiveRecord: 0.1ms)
  [1m[36mActiveRecord::SchemaMigration Load (0.1ms)[0m  [1mSELECT "schema_migrations".* FROM "schema_migrations"[0m
Migrating to AddActiveToStudents (20190225210834)
  [1m[35m (0.1ms)[0m  begin transaction
  [1m[36m (0.1ms)[0m  [1mrollback transaction[0m
  [1m[36mActiveRecord::SchemaMigration Load (0.1ms)[0m  [1mSELECT "schema_migrations".* FROM "schema_migrations"[0m
Migrating to AddActiveToStudents (20190225210834)
  [1m[35m (0.1ms)[0m  begin transaction
  [1m[36m (0.4ms)[0m  [1mALTER TABLE "students" ADD "active" boolean DEFAULT 'f'[0m
  [1m[35mSQL (0.1ms)[0m  INSERT INTO "schema_migrations" ("version") VALUES (?)  [["version", "20190225210834"]]
  [1m[36m (2.2ms)[0m  [1mcommit transaction[0m
  [1m[35mActiveRecord::SchemaMigration Load (0.1ms)[0m  SELECT "schema_migrations".* FROM "schema_migrations"


Started GET "/students" for 104.218.140.34 at 2019-02-25 21:47:08 +0000
  [1m[36mActiveRecord::SchemaMigration Load (0.1ms)[0m  [1mSELECT "schema_migrations".* FROM "schema_migrations"[0m
Processing by StudentsController#index as HTML
  [1m[35mStudent Load (0.2ms)[0m  SELECT "students".* FROM "students"
  Rendered students/index.html.erb within layouts/application (7.4ms)
Completed 200 OK in 243ms (Views: 229.9ms | ActiveRecord: 0.5ms)


Started GET "/students" for 104.218.140.34 at 2019-02-25 21:47:09 +0000
Processing by StudentsController#index as HTML
  [1m[36mStudent Load (0.2ms)[0m  [1mSELECT "students".* FROM "students"[0m
  Rendered students/index.html.erb within layouts/application (1.1ms)
Completed 200 OK in 12ms (Views: 11.1ms | ActiveRecord: 0.2ms)


Started GET "/students/1" for 104.218.140.34 at 2019-02-25 21:47:11 +0000
Processing by StudentsController#show as HTML
  Parameters: {"id"=>"1"}
  [1m[35mStudent Load (0.2ms)[0m  SELECT  "students".* FROM "students" WHERE "students"."id" = ? LIMIT 1  [["id", 1]]
  Rendered students/show.html.erb within layouts/application (0.4ms)
Completed 200 OK in 21ms (Views: 10.5ms | ActiveRecord: 0.2ms)


Started GET "/students/1" for 104.218.140.34 at 2019-02-25 21:47:31 +0000
Processing by StudentsController#show as HTML
  Parameters: {"id"=>"1"}
  [1m[36mStudent Load (0.1ms)[0m  [1mSELECT  "students".* FROM "students" WHERE "students"."id" = ? LIMIT 1[0m  [["id", 1]]
  Rendered students/show.html.erb within layouts/application (0.4ms)
Completed 200 OK in 12ms (Views: 11.5ms | ActiveRecord: 0.1ms)


Started GET "/students/1" for 104.218.140.34 at 2019-02-25 21:52:31 +0000
Processing by StudentsController#show as HTML
  Parameters: {"id"=>"1"}
  [1m[35mStudent Load (0.2ms)[0m  SELECT  "students".* FROM "students" WHERE "students"."id" = ? LIMIT 1  [["id", 1]]
  Rendered students/show.html.erb within layouts/application (0.5ms)
Completed 500 Internal Server Error in 10ms (ActiveRecord: 0.8ms)

SyntaxError (/home/modern-resource-2259/rails-url-helpers-lab-dumbo-web-career-012819/app/views/students/show.html.erb:2: syntax error, unexpected ')', expecting keyword_then or ';' or '\n'
...( if @student.active == false );@output_buffer.safe_append='
...                               ^
/home/modern-resource-2259/rails-url-helpers-lab-dumbo-web-career-012819/app/views/students/show.html.erb:3: void value expression
...ppend=( return "inactivated" );@output_buffer.safe_append='
...                               ^
/home/modern-resource-2259/rails-url-helpers-lab-dumbo-web-career-012819/app/views/students/show.html.erb:4: syntax error, unexpected keyword_end, expecting ')'
'.freeze; end 
             ^
/home/modern-resource-2259/rails-url-helpers-lab-dumbo-web-career-012819/app/views/students/show.html.erb:6: syntax error, unexpected keyword_ensure, expecting ')'
/home/modern-resource-2259/rails-url-helpers-lab-dumbo-web-career-012819/app/views/students/show.html.erb:8: syntax error, unexpected keyword_end, expecting ')'):
  app/views/students/show.html.erb:2: syntax error, unexpected ')', expecting keyword_then or ';' or '\n'
  app/views/students/show.html.erb:3: void value expression
  app/views/students/show.html.erb:4: syntax error, unexpected keyword_end, expecting ')'
  app/views/students/show.html.erb:6: syntax error, unexpected keyword_ensure, expecting ')'
  app/views/students/show.html.erb:8: syntax error, unexpected keyword_end, expecting ')'


  Rendered /usr/local/rvm/gems/ruby-2.3.1/gems/actionpack-4.2.10/lib/action_dispatch/middleware/templates/rescues/_source.erb (5.5ms)
  Rendered /usr/local/rvm/gems/ruby-2.3.1/gems/actionpack-4.2.10/lib/action_dispatch/middleware/templates/rescues/_trace.html.erb (2.5ms)
  Rendered /usr/local/rvm/gems/ruby-2.3.1/gems/actionpack-4.2.10/lib/action_dispatch/middleware/templates/rescues/_request_and_response.html.erb (0.9ms)
  Rendered /usr/local/rvm/gems/ruby-2.3.1/gems/actionpack-4.2.10/lib/action_dispatch/middleware/templates/rescues/diagnostics.html.erb within rescues/layout (43.7ms)


Started GET "/students/1" for 104.218.140.34 at 2019-02-25 21:53:52 +0000
Processing by StudentsController#show as HTML
  Parameters: {"id"=>"1"}
  [1m[36mStudent Load (0.1ms)[0m  [1mSELECT  "students".* FROM "students" WHERE "students"."id" = ? LIMIT 1[0m  [["id", 1]]
  Rendered students/show.html.erb within layouts/application (0.4ms)
Completed 200 OK in 18ms (Views: 11.8ms | ActiveRecord: 0.7ms)


Started GET "/students/1" for 104.218.140.34 at 2019-02-25 21:54:02 +0000
Processing by StudentsController#show as HTML
  Parameters: {"id"=>"1"}
  [1m[35mStudent Load (0.1ms)[0m  SELECT  "students".* FROM "students" WHERE "students"."id" = ? LIMIT 1  [["id", 1]]
  Rendered students/show.html.erb within layouts/application (0.5ms)
Completed 200 OK in 12ms (Views: 11.0ms | ActiveRecord: 0.1ms)


Started GET "/students/1" for 104.218.140.34 at 2019-02-25 21:54:17 +0000
Processing by StudentsController#show as HTML
  Parameters: {"id"=>"1"}
  [1m[36mStudent Load (0.1ms)[0m  [1mSELECT  "students".* FROM "students" WHERE "students"."id" = ? LIMIT 1[0m  [["id", 1]]
  Rendered students/show.html.erb within layouts/application (0.5ms)
Completed 200 OK in 14ms (Views: 12.6ms | ActiveRecord: 0.1ms)


Started GET "/students/1" for 104.218.140.34 at 2019-02-25 21:54:19 +0000
Processing by StudentsController#show as HTML
  Parameters: {"id"=>"1"}
  [1m[35mStudent Load (0.1ms)[0m  SELECT  "students".* FROM "students" WHERE "students"."id" = ? LIMIT 1  [["id", 1]]
  Rendered students/show.html.erb within layouts/application (0.1ms)
Completed 200 OK in 23ms (Views: 22.3ms | ActiveRecord: 0.1ms)


Started GET "/students" for 104.218.140.34 at 2019-02-25 21:54:20 +0000
Processing by StudentsController#index as HTML
  [1m[36mStudent Load (0.2ms)[0m  [1mSELECT "students".* FROM "students"[0m
  Rendered students/index.html.erb within layouts/application (1.3ms)
Completed 200 OK in 14ms (Views: 12.8ms | ActiveRecord: 0.2ms)


Started GET "/students/3" for 104.218.140.34 at 2019-02-25 21:54:22 +0000
Processing by StudentsController#show as HTML
  Parameters: {"id"=>"3"}
  [1m[35mStudent Load (0.1ms)[0m  SELECT  "students".* FROM "students" WHERE "students"."id" = ? LIMIT 1  [["id", 3]]
  Rendered students/show.html.erb within layouts/application (0.1ms)
Completed 200 OK in 14ms (Views: 12.9ms | ActiveRecord: 0.1ms)


Started GET "/students/3" for 104.218.140.34 at 2019-02-25 21:54:25 +0000
Processing by StudentsController#show as HTML
  Parameters: {"id"=>"3"}
  [1m[36mStudent Load (0.2ms)[0m  [1mSELECT  "students".* FROM "students" WHERE "students"."id" = ? LIMIT 1[0m  [["id", 3]]
  Rendered students/show.html.erb within layouts/application (0.1ms)
Completed 200 OK in 20ms (Views: 18.6ms | ActiveRecord: 0.2ms)


Started GET "/" for 104.218.140.34 at 2019-02-25 22:09:05 +0000
  [1m[36mActiveRecord::SchemaMigration Load (0.1ms)[0m  [1mSELECT "schema_migrations".* FROM "schema_migrations"[0m
Processing by Rails::WelcomeController#index as HTML
  Rendered /usr/local/rvm/gems/ruby-2.3.1/gems/railties-4.2.10/lib/rails/templates/rails/welcome/index.html.erb (2.6ms)
Completed 200 OK in 33ms (Views: 20.9ms | ActiveRecord: 0.0ms)


Started GET "/students" for 104.218.140.34 at 2019-02-25 22:09:10 +0000
Processing by StudentsController#index as HTML
  [1m[35mStudent Load (0.2ms)[0m  SELECT "students".* FROM "students"
  Rendered students/index.html.erb within layouts/application (5.6ms)
Completed 200 OK in 229ms (Views: 225.6ms | ActiveRecord: 0.5ms)


Started GET "/students/1" for 104.218.140.34 at 2019-02-25 22:09:13 +0000
Processing by StudentsController#show as HTML
  Parameters: {"id"=>"1"}
  [1m[36mStudent Load (0.2ms)[0m  [1mSELECT  "students".* FROM "students" WHERE "students"."id" = ? LIMIT 1[0m  [["id", 1]]
  Rendered students/show.html.erb within layouts/application (0.5ms)
Completed 200 OK in 24ms (Views: 11.4ms | ActiveRecord: 0.2ms)


Started GET "/students/1" for 104.218.140.34 at 2019-02-25 22:09:16 +0000
Processing by StudentsController#show as HTML
  Parameters: {"id"=>"1"}
  [1m[35mStudent Load (0.1ms)[0m  SELECT  "students".* FROM "students" WHERE "students"."id" = ? LIMIT 1  [["id", 1]]
  Rendered students/show.html.erb within layouts/application (0.1ms)
Completed 200 OK in 64ms (Views: 12.6ms | ActiveRecord: 0.1ms)


Started GET "/students" for 104.218.140.34 at 2019-02-25 22:14:02 +0000
  [1m[36mActiveRecord::SchemaMigration Load (0.1ms)[0m  [1mSELECT "schema_migrations".* FROM "schema_migrations"[0m
Processing by StudentsController#index as HTML
  [1m[35mStudent Load (0.2ms)[0m  SELECT "students".* FROM "students"
  Rendered students/index.html.erb within layouts/application (8.2ms)
Completed 200 OK in 267ms (Views: 252.4ms | ActiveRecord: 0.5ms)


Started GET "/index" for 104.218.140.34 at 2019-02-25 22:14:08 +0000

ActionController::RoutingError (No route matches [GET] "/index"):
  actionpack (4.2.10) lib/action_dispatch/middleware/debug_exceptions.rb:21:in `call'
  actionpack (4.2.10) lib/action_dispatch/middleware/show_exceptions.rb:30:in `call'
  railties (4.2.10) lib/rails/rack/logger.rb:38:in `call_app'
  railties (4.2.10) lib/rails/rack/logger.rb:20:in `block in call'
  activesupport (4.2.10) lib/active_support/tagged_logging.rb:68:in `block in tagged'
  activesupport (4.2.10) lib/active_support/tagged_logging.rb:26:in `tagged'
  activesupport (4.2.10) lib/active_support/tagged_logging.rb:68:in `tagged'
  railties (4.2.10) lib/rails/rack/logger.rb:20:in `call'
  actionpack (4.2.10) lib/action_dispatch/middleware/request_id.rb:21:in `call'
  rack (1.6.8) lib/rack/methodoverride.rb:22:in `call'
  rack (1.6.8) lib/rack/runtime.rb:18:in `call'
  activesupport (4.2.10) lib/active_support/cache/strategy/local_cache_middleware.rb:28:in `call'
  rack (1.6.8) lib/rack/lock.rb:17:in `call'
  actionpack (4.2.10) lib/action_dispatch/middleware/static.rb:120:in `call'
  rack (1.6.8) lib/rack/sendfile.rb:113:in `call'
  railties (4.2.10) lib/rails/engine.rb:518:in `call'
  railties (4.2.10) lib/rails/application.rb:165:in `call'
  rack (1.6.8) lib/rack/lock.rb:17:in `call'
  rack (1.6.8) lib/rack/content_length.rb:15:in `call'
  rack (1.6.8) lib/rack/handler/webrick.rb:88:in `service'
  /usr/local/rvm/rubies/ruby-2.3.1/lib/ruby/2.3.0/webrick/httpserver.rb:140:in `service'
  /usr/local/rvm/rubies/ruby-2.3.1/lib/ruby/2.3.0/webrick/httpserver.rb:96:in `run'
  /usr/local/rvm/rubies/ruby-2.3.1/lib/ruby/2.3.0/webrick/server.rb:296:in `block in start_thread'


  Rendered /usr/local/rvm/gems/ruby-2.3.1/gems/actionpack-4.2.10/lib/action_dispatch/middleware/templates/rescues/_trace.html.erb (1.4ms)
  Rendered /usr/local/rvm/gems/ruby-2.3.1/gems/actionpack-4.2.10/lib/action_dispatch/middleware/templates/routes/_route.html.erb (0.7ms)
  Rendered /usr/local/rvm/gems/ruby-2.3.1/gems/actionpack-4.2.10/lib/action_dispatch/middleware/templates/routes/_table.html.erb (13.3ms)
  Rendered /usr/local/rvm/gems/ruby-2.3.1/gems/actionpack-4.2.10/lib/action_dispatch/middleware/templates/rescues/_request_and_response.html.erb (1.6ms)
  Rendered /usr/local/rvm/gems/ruby-2.3.1/gems/actionpack-4.2.10/lib/action_dispatch/middleware/templates/rescues/routing_error.html.erb within rescues/layout (63.8ms)


Started GET "/students/1" for 104.218.140.34 at 2019-02-25 22:14:13 +0000
Processing by StudentsController#show as HTML
  Parameters: {"id"=>"1"}
  [1m[36mStudent Load (0.2ms)[0m  [1mSELECT  "students".* FROM "students" WHERE "students"."id" = ? LIMIT 1[0m  [["id", 1]]
  Rendered students/show.html.erb within layouts/application (0.4ms)
Completed 200 OK in 21ms (Views: 11.0ms | ActiveRecord: 0.2ms)


Started GET "/students/1" for 104.218.140.34 at 2019-02-25 22:14:15 +0000
Processing by StudentsController#show as HTML
  Parameters: {"id"=>"1"}
  [1m[35mStudent Load (0.1ms)[0m  SELECT  "students".* FROM "students" WHERE "students"."id" = ? LIMIT 1  [["id", 1]]
  Rendered students/show.html.erb within layouts/application (0.1ms)
Completed 200 OK in 34ms (Views: 33.0ms | ActiveRecord: 0.1ms)


Started GET "/students/2" for 104.218.140.34 at 2019-02-25 22:14:17 +0000
Processing by StudentsController#show as HTML
  Parameters: {"id"=>"2"}
  [1m[36mStudent Load (0.1ms)[0m  [1mSELECT  "students".* FROM "students" WHERE "students"."id" = ? LIMIT 1[0m  [["id", 2]]
  Rendered students/show.html.erb within layouts/application (0.1ms)
Completed 200 OK in 12ms (Views: 11.1ms | ActiveRecord: 0.1ms)
